<?xml version="1.0" encoding="UTF-8"?>
<testsuite name="ScrabbleTest" tests="2" skipped="0" failures="0" errors="0" timestamp="2016-02-09T21:31:20" hostname="epicodus-61.local" time="0.003">
  <properties/>
  <testcase name="scrabbleScoreOfLetter_returnsAScrabbleScoreForALetter_1" classname="ScrabbleTest" time="0.002"/>
  <testcase name="scrabbleScore_takeInAWordAndReturnTheScore_5" classname="ScrabbleTest" time="0.001"/>
  <system-out><![CDATA[]]></system-out>
  <system-err><![CDATA[]]></system-err>
</testsuite>
