<?xml version="1.0" encoding="UTF-8"?>
<testsuite name="ScrabbleTest" tests="1" skipped="0" failures="0" errors="0" timestamp="2016-02-09T16:35:22" hostname="epicodus-61.local" time="0.001">
  <properties/>
  <testcase name="isLeapYear_forNumberDivisibleByFour_true" classname="ScrabbleTest" time="0.001"/>
  <system-out><![CDATA[]]></system-out>
  <system-err><![CDATA[]]></system-err>
</testsuite>
